#-----------------------------------------------------------
# Vivado v2018.2 (64-bit)
# SW Build 2258646 on Thu Jun 14 20:03:12 MDT 2018
# IP Build 2256618 on Thu Jun 14 22:10:49 MDT 2018
# Start of session at: Thu Feb  6 10:50:52 2025
# Process ID: 12560
# Current directory: D:/Vivado Lab projects/Eightbitwide_2to1_mux
# Command line: vivado.exe -gui_launcher_event rodinguilauncherevent14368 D:\Vivado Lab projects\Eightbitwide_2to1_mux\Eightbitwide_2to1_mux.xpr
# Log file: D:/Vivado Lab projects/Eightbitwide_2to1_mux/vivado.log
# Journal file: D:/Vivado Lab projects/Eightbitwide_2to1_mux\vivado.jou
#-----------------------------------------------------------
start_gui
open_project {D:/Vivado Lab projects/Eightbitwide_2to1_mux/Eightbitwide_2to1_mux.xpr}
Scanning sources...
Finished scanning sources
INFO: [IP_Flow 19-234] Refreshing IP repositories
INFO: [IP_Flow 19-1704] No user IP repositories specified
INFO: [IP_Flow 19-2313] Loaded Vivado IP repository 'C:/Xilinx/Vivado/2018.2/data/ip'.
open_project: Time (s): cpu = 00:00:28 ; elapsed = 00:00:21 . Memory (MB): peak = 832.066 ; gain = 123.621
update_compile_order -fileset sources_1
exit
INFO: [Common 17-206] Exiting Vivado at Thu Feb  6 11:47:21 2025...
